/home/youssef.ghallab/miniconda3/envs/llava/lib/python3.10/site-packages/torch/cuda/__init__.py:51: FutureWarning: The pynvml package is deprecated. Please install nvidia-ml-py instead. If you did not install pynvml directly, please report this to the maintainers of the package that installed pynvml for you.
  import pynvml  # type: ignore[import]
15:24:29 INFO [rank 0] Loading LLaVA model …
You are using a model of type llava to instantiate a model of type llava_llama. This is not supported for all configurations of models and can yield errors.
/home/youssef.ghallab/miniconda3/envs/llava/lib/python3.10/site-packages/huggingface_hub/file_download.py:949: FutureWarning: `resume_download` is deprecated and will be removed in version 1.0.0. Downloads always resume when possible. If you want to force a new download, use `force_download=True`.
  warnings.warn(
Loading checkpoint shards:   0%|          | 0/2 [00:00<?, ?it/s]/home/youssef.ghallab/miniconda3/envs/llava/lib/python3.10/site-packages/torch/_utils.py:831: UserWarning: TypedStorage is deprecated. It will be removed in the future and UntypedStorage will be the only storage class. This should only matter to you if you are using storages directly.  To access UntypedStorage directly, use tensor.untyped_storage() instead of tensor.storage()
  return self.fget.__get__(instance, owner)()
Loading checkpoint shards:  50%|█████     | 1/2 [00:04<00:04,  4.71s/it]Loading checkpoint shards: 100%|██████████| 2/2 [00:06<00:00,  2.90s/it]Loading checkpoint shards: 100%|██████████| 2/2 [00:06<00:00,  3.17s/it]
15:24:37 INFO [rank 0] Applying LoRA …
15:24:42 INFO [rank 0] Stage 0: decoder layers 0–7
15:24:42 INFO [rank 0] 2500 batches/epoch | 625 total steps
trainable params: 338,690,048 || all params: 7,401,592,832 || trainable%: 4.575907587562904
Traceback (most recent call last):
  File "/l/users/youssef.ghallab/ml710/LLaVA/llava/train/train_pipe_dist.py", line 507, in <module>
    train(args)
  File "/l/users/youssef.ghallab/ml710/LLaVA/llava/train/train_pipe_dist.py", line 439, in train
    pipeline_step_rank0(stage, chunks, grad_scale, dtype)
  File "/l/users/youssef.ghallab/ml710/LLaVA/llava/train/train_pipe_dist.py", line 223, in pipeline_step_rank0
    send_activations(h, attn_2d, pos_ids, labels)
  File "/l/users/youssef.ghallab/ml710/LLaVA/llava/train/train_pipe_dist.py", line 175, in send_activations
    _send_tensor(h.detach(),  dst=RANK1_DST)
  File "/l/users/youssef.ghallab/ml710/LLaVA/llava/train/train_pipe_dist.py", line 155, in _send_tensor
    dist.send(ndim, dst=dst)
  File "/home/youssef.ghallab/miniconda3/envs/llava/lib/python3.10/site-packages/torch/distributed/c10d_logger.py", line 47, in wrapper
    return func(*args, **kwargs)
  File "/home/youssef.ghallab/miniconda3/envs/llava/lib/python3.10/site-packages/torch/distributed/distributed_c10d.py", line 1597, in send
    default_pg.send([tensor], dst, tag).wait()
RuntimeError: [../third_party/gloo/gloo/transport/tcp/pair.cc:534] Connection closed by peer [10.127.30.221]:52424
