2026-04-27 02:13:03
               total        used        free      shared  buff/cache   available
Mem:           250Gi        12Gi       153Gi        93Mi        85Gi       236Gi
Swap:          8.0Gi       7.7Gi       336Mi
2026-04-27 02:13:08
               total        used        free      shared  buff/cache   available
Mem:           250Gi        12Gi       153Gi        93Mi        85Gi       236Gi
Swap:          8.0Gi       7.7Gi       336Mi
2026-04-27 02:13:13
               total        used        free      shared  buff/cache   available
Mem:           250Gi        12Gi       152Gi        93Mi        85Gi       236Gi
Swap:          8.0Gi       7.7Gi       336Mi
2026-04-27 02:13:18
               total        used        free      shared  buff/cache   available
Mem:           250Gi        12Gi       152Gi        93Mi        85Gi       235Gi
Swap:          8.0Gi       7.7Gi       336Mi
2026-04-27 02:13:23
               total        used        free      shared  buff/cache   available
Mem:           250Gi        12Gi       152Gi        93Mi        85Gi       235Gi
Swap:          8.0Gi       7.7Gi       336Mi
2026-04-27 02:13:28
               total        used        free      shared  buff/cache   available
Mem:           250Gi        12Gi       152Gi        93Mi        85Gi       235Gi
Swap:          8.0Gi       7.7Gi       336Mi
2026-04-27 02:13:33
               total        used        free      shared  buff/cache   available
Mem:           250Gi        12Gi       152Gi        93Mi        85Gi       235Gi
Swap:          8.0Gi       7.7Gi       336Mi
2026-04-27 02:13:38
               total        used        free      shared  buff/cache   available
Mem:           250Gi        12Gi       152Gi        93Mi        86Gi       235Gi
Swap:          8.0Gi       7.7Gi       336Mi
2026-04-27 02:13:43
               total        used        free      shared  buff/cache   available
Mem:           250Gi        13Gi       151Gi       178Mi        86Gi       235Gi
Swap:          8.0Gi       7.7Gi       336Mi
2026-04-27 02:13:48
               total        used        free      shared  buff/cache   available
Mem:           250Gi        13Gi       151Gi       178Mi        86Gi       235Gi
Swap:          8.0Gi       7.7Gi       336Mi
2026-04-27 02:13:53
               total        used        free      shared  buff/cache   available
Mem:           250Gi        13Gi       151Gi       178Mi        86Gi       235Gi
Swap:          8.0Gi       7.7Gi       336Mi
2026-04-27 02:13:58
               total        used        free      shared  buff/cache   available
Mem:           250Gi        14Gi       149Gi       178Mi        87Gi       234Gi
Swap:          8.0Gi       7.7Gi       336Mi
2026-04-27 02:14:03
               total        used        free      shared  buff/cache   available
Mem:           250Gi        15Gi       147Gi       178Mi        88Gi       233Gi
Swap:          8.0Gi       7.7Gi       336Mi
2026-04-27 02:14:08
               total        used        free      shared  buff/cache   available
Mem:           250Gi        16Gi       144Gi       178Mi        89Gi       231Gi
Swap:          8.0Gi       7.7Gi       336Mi
2026-04-27 02:14:13
               total        used        free      shared  buff/cache   available
Mem:           250Gi        17Gi       142Gi       178Mi        91Gi       230Gi
Swap:          8.0Gi       7.7Gi       336Mi
2026-04-27 02:14:18
               total        used        free      shared  buff/cache   available
Mem:           250Gi        19Gi       139Gi       178Mi        92Gi       229Gi
Swap:          8.0Gi       7.7Gi       336Mi
2026-04-27 02:14:23
               total        used        free      shared  buff/cache   available
Mem:           250Gi        20Gi       137Gi       178Mi        93Gi       228Gi
Swap:          8.0Gi       7.7Gi       336Mi
2026-04-27 02:14:28
               total        used        free      shared  buff/cache   available
Mem:           250Gi        21Gi       134Gi       178Mi        94Gi       226Gi
Swap:          8.0Gi       7.7Gi       336Mi
2026-04-27 02:14:33
               total        used        free      shared  buff/cache   available
Mem:           250Gi        22Gi       132Gi       178Mi        95Gi       225Gi
Swap:          8.0Gi       7.7Gi       336Mi
2026-04-27 02:14:38
               total        used        free      shared  buff/cache   available
Mem:           250Gi        22Gi       132Gi       178Mi        95Gi       225Gi
Swap:          8.0Gi       7.7Gi       336Mi
2026-04-27 02:14:43
               total        used        free      shared  buff/cache   available
Mem:           250Gi        23Gi       130Gi       178Mi        96Gi       224Gi
Swap:          8.0Gi       7.7Gi       336Mi
2026-04-27 02:14:48
               total        used        free      shared  buff/cache   available
Mem:           250Gi        25Gi       127Gi       178Mi        98Gi       223Gi
Swap:          8.0Gi       7.7Gi       336Mi
2026-04-27 02:14:53
               total        used        free      shared  buff/cache   available
Mem:           250Gi        25Gi       126Gi       178Mi        98Gi       222Gi
Swap:          8.0Gi       7.7Gi       336Mi
2026-04-27 02:14:58
               total        used        free      shared  buff/cache   available
Mem:           250Gi        25Gi       126Gi       178Mi        98Gi       222Gi
Swap:          8.0Gi       7.7Gi       336Mi
2026-04-27 02:15:03
               total        used        free      shared  buff/cache   available
Mem:           250Gi        26Gi       125Gi       178Mi        99Gi       222Gi
Swap:          8.0Gi       7.7Gi       336Mi
2026-04-27 02:15:08
               total        used        free      shared  buff/cache   available
Mem:           250Gi        21Gi       129Gi       178Mi       100Gi       227Gi
Swap:          8.0Gi       7.7Gi       336Mi
2026-04-27 02:15:13
               total        used        free      shared  buff/cache   available
Mem:           250Gi        14Gi       136Gi       188Mi       100Gi       234Gi
Swap:          8.0Gi       7.7Gi       336Mi
2026-04-27 02:15:18
               total        used        free      shared  buff/cache   available
Mem:           250Gi        14Gi       136Gi       188Mi       100Gi       234Gi
Swap:          8.0Gi       7.7Gi       336Mi
2026-04-27 02:15:23
               total        used        free      shared  buff/cache   available
Mem:           250Gi        14Gi       136Gi       188Mi       100Gi       234Gi
Swap:          8.0Gi       7.7Gi       336Mi
2026-04-27 02:15:28
               total        used        free      shared  buff/cache   available
Mem:           250Gi        14Gi       136Gi       190Mi       100Gi       234Gi
Swap:          8.0Gi       7.7Gi       336Mi
2026-04-27 02:15:33
               total        used        free      shared  buff/cache   available
Mem:           250Gi        14Gi       136Gi       190Mi       100Gi       234Gi
Swap:          8.0Gi       7.7Gi       336Mi
2026-04-27 02:15:38
               total        used        free      shared  buff/cache   available
Mem:           250Gi        14Gi       136Gi       192Mi       100Gi       234Gi
Swap:          8.0Gi       7.7Gi       336Mi
2026-04-27 02:15:43
               total        used        free      shared  buff/cache   available
Mem:           250Gi        14Gi       136Gi       192Mi       100Gi       234Gi
Swap:          8.0Gi       7.7Gi       336Mi
2026-04-27 02:15:48
               total        used        free      shared  buff/cache   available
Mem:           250Gi        14Gi       136Gi       192Mi       100Gi       234Gi
Swap:          8.0Gi       7.7Gi       336Mi
2026-04-27 02:15:53
               total        used        free      shared  buff/cache   available
Mem:           250Gi        14Gi       136Gi       194Mi       100Gi       234Gi
Swap:          8.0Gi       7.7Gi       336Mi
2026-04-27 02:15:58
               total        used        free      shared  buff/cache   available
Mem:           250Gi        14Gi       136Gi       194Mi       100Gi       234Gi
Swap:          8.0Gi       7.7Gi       336Mi
2026-04-27 02:16:03
               total        used        free      shared  buff/cache   available
Mem:           250Gi        14Gi       136Gi       194Mi       100Gi       234Gi
Swap:          8.0Gi       7.7Gi       336Mi
2026-04-27 02:16:08
               total        used        free      shared  buff/cache   available
Mem:           250Gi        14Gi       136Gi       194Mi       100Gi       234Gi
Swap:          8.0Gi       7.7Gi       336Mi
2026-04-27 02:16:13
               total        used        free      shared  buff/cache   available
Mem:           250Gi        14Gi       136Gi       194Mi       100Gi       234Gi
Swap:          8.0Gi       7.7Gi       336Mi
2026-04-27 02:16:18
               total        used        free      shared  buff/cache   available
Mem:           250Gi        14Gi       136Gi       194Mi       100Gi       234Gi
Swap:          8.0Gi       7.7Gi       336Mi
2026-04-27 02:16:23
               total        used        free      shared  buff/cache   available
Mem:           250Gi        14Gi       136Gi       194Mi       100Gi       234Gi
Swap:          8.0Gi       7.7Gi       336Mi
2026-04-27 02:16:28
               total        used        free      shared  buff/cache   available
Mem:           250Gi        14Gi       136Gi       194Mi       100Gi       234Gi
Swap:          8.0Gi       7.7Gi       336Mi
2026-04-27 02:16:33
               total        used        free      shared  buff/cache   available
Mem:           250Gi        14Gi       136Gi       194Mi       100Gi       234Gi
Swap:          8.0Gi       7.7Gi       336Mi
2026-04-27 02:16:38
               total        used        free      shared  buff/cache   available
Mem:           250Gi        14Gi       136Gi       194Mi       100Gi       234Gi
Swap:          8.0Gi       7.7Gi       336Mi
2026-04-27 02:16:43
               total        used        free      shared  buff/cache   available
Mem:           250Gi        14Gi       136Gi       194Mi       100Gi       234Gi
Swap:          8.0Gi       7.7Gi       336Mi
2026-04-27 02:16:48
               total        used        free      shared  buff/cache   available
Mem:           250Gi        14Gi       136Gi       194Mi       100Gi       234Gi
Swap:          8.0Gi       7.7Gi       336Mi
2026-04-27 02:16:53
               total        used        free      shared  buff/cache   available
Mem:           250Gi        14Gi       136Gi       194Mi       100Gi       234Gi
Swap:          8.0Gi       7.7Gi       336Mi
2026-04-27 02:16:58
               total        used        free      shared  buff/cache   available
Mem:           250Gi        14Gi       136Gi       194Mi       100Gi       234Gi
Swap:          8.0Gi       7.7Gi       336Mi
2026-04-27 02:17:03
               total        used        free      shared  buff/cache   available
Mem:           250Gi        14Gi       136Gi       194Mi       100Gi       234Gi
Swap:          8.0Gi       7.7Gi       336Mi
2026-04-27 02:17:08
               total        used        free      shared  buff/cache   available
Mem:           250Gi        14Gi       136Gi       194Mi       100Gi       234Gi
Swap:          8.0Gi       7.7Gi       336Mi
2026-04-27 02:17:13
               total        used        free      shared  buff/cache   available
Mem:           250Gi        14Gi       136Gi       194Mi       100Gi       234Gi
Swap:          8.0Gi       7.7Gi       336Mi
2026-04-27 02:17:18
               total        used        free      shared  buff/cache   available
Mem:           250Gi        14Gi       136Gi       194Mi       100Gi       234Gi
Swap:          8.0Gi       7.7Gi       336Mi
2026-04-27 02:17:23
               total        used        free      shared  buff/cache   available
Mem:           250Gi        14Gi       136Gi       194Mi       100Gi       234Gi
Swap:          8.0Gi       7.7Gi       336Mi
2026-04-27 02:17:28
               total        used        free      shared  buff/cache   available
Mem:           250Gi        14Gi       136Gi       194Mi       100Gi       234Gi
Swap:          8.0Gi       7.7Gi       336Mi
2026-04-27 02:17:33
               total        used        free      shared  buff/cache   available
Mem:           250Gi        14Gi       136Gi       194Mi       100Gi       234Gi
Swap:          8.0Gi       7.7Gi       336Mi
2026-04-27 02:17:38
               total        used        free      shared  buff/cache   available
Mem:           250Gi        14Gi       136Gi       194Mi       100Gi       234Gi
Swap:          8.0Gi       7.7Gi       336Mi
2026-04-27 02:17:43
               total        used        free      shared  buff/cache   available
Mem:           250Gi        14Gi       136Gi       194Mi       100Gi       234Gi
Swap:          8.0Gi       7.7Gi       336Mi
2026-04-27 02:17:48
               total        used        free      shared  buff/cache   available
Mem:           250Gi        14Gi       136Gi       194Mi       100Gi       234Gi
Swap:          8.0Gi       7.7Gi       336Mi
2026-04-27 02:17:53
               total        used        free      shared  buff/cache   available
Mem:           250Gi        14Gi       136Gi       194Mi       100Gi       234Gi
Swap:          8.0Gi       7.7Gi       336Mi
2026-04-27 02:17:58
               total        used        free      shared  buff/cache   available
Mem:           250Gi        14Gi       136Gi       194Mi       100Gi       234Gi
Swap:          8.0Gi       7.7Gi       336Mi
2026-04-27 02:18:03
               total        used        free      shared  buff/cache   available
Mem:           250Gi        14Gi       136Gi       194Mi       100Gi       234Gi
Swap:          8.0Gi       7.7Gi       336Mi
2026-04-27 02:18:08
               total        used        free      shared  buff/cache   available
Mem:           250Gi        14Gi       136Gi       194Mi       100Gi       234Gi
Swap:          8.0Gi       7.7Gi       336Mi
2026-04-27 02:18:13
               total        used        free      shared  buff/cache   available
Mem:           250Gi        14Gi       136Gi       194Mi       100Gi       234Gi
Swap:          8.0Gi       7.7Gi       336Mi
2026-04-27 02:18:18
               total        used        free      shared  buff/cache   available
Mem:           250Gi        14Gi       136Gi       194Mi       100Gi       234Gi
Swap:          8.0Gi       7.7Gi       336Mi
2026-04-27 02:18:23
               total        used        free      shared  buff/cache   available
Mem:           250Gi        14Gi       136Gi       194Mi       100Gi       234Gi
Swap:          8.0Gi       7.7Gi       336Mi
2026-04-27 02:18:28
               total        used        free      shared  buff/cache   available
Mem:           250Gi        14Gi       136Gi       194Mi       100Gi       234Gi
Swap:          8.0Gi       7.7Gi       336Mi
2026-04-27 02:18:33
               total        used        free      shared  buff/cache   available
Mem:           250Gi        14Gi       136Gi       194Mi       100Gi       234Gi
Swap:          8.0Gi       7.7Gi       336Mi
2026-04-27 02:18:38
               total        used        free      shared  buff/cache   available
Mem:           250Gi        14Gi       136Gi       194Mi       100Gi       234Gi
Swap:          8.0Gi       7.7Gi       336Mi
2026-04-27 02:18:43
               total        used        free      shared  buff/cache   available
Mem:           250Gi        14Gi       136Gi       194Mi       100Gi       234Gi
Swap:          8.0Gi       7.7Gi       336Mi
2026-04-27 02:18:48
               total        used        free      shared  buff/cache   available
Mem:           250Gi        14Gi       136Gi       194Mi       100Gi       234Gi
Swap:          8.0Gi       7.7Gi       336Mi
2026-04-27 02:18:53
               total        used        free      shared  buff/cache   available
Mem:           250Gi        14Gi       136Gi       194Mi       100Gi       234Gi
Swap:          8.0Gi       7.7Gi       336Mi
2026-04-27 02:18:58
               total        used        free      shared  buff/cache   available
Mem:           250Gi        14Gi       136Gi       194Mi       100Gi       234Gi
Swap:          8.0Gi       7.7Gi       336Mi
2026-04-27 02:19:03
               total        used        free      shared  buff/cache   available
Mem:           250Gi        14Gi       136Gi       194Mi       100Gi       234Gi
Swap:          8.0Gi       7.7Gi       336Mi
2026-04-27 02:19:08
               total        used        free      shared  buff/cache   available
Mem:           250Gi        14Gi       136Gi       194Mi       100Gi       234Gi
Swap:          8.0Gi       7.7Gi       336Mi
2026-04-27 02:19:13
               total        used        free      shared  buff/cache   available
Mem:           250Gi        14Gi       136Gi       194Mi       100Gi       234Gi
Swap:          8.0Gi       7.7Gi       336Mi
2026-04-27 02:19:18
               total        used        free      shared  buff/cache   available
Mem:           250Gi        14Gi       136Gi       194Mi       100Gi       234Gi
Swap:          8.0Gi       7.7Gi       336Mi
2026-04-27 02:19:23
               total        used        free      shared  buff/cache   available
Mem:           250Gi        14Gi       136Gi       194Mi       100Gi       234Gi
Swap:          8.0Gi       7.7Gi       336Mi
2026-04-27 02:19:28
               total        used        free      shared  buff/cache   available
Mem:           250Gi        14Gi       136Gi       194Mi       100Gi       234Gi
Swap:          8.0Gi       7.7Gi       336Mi
2026-04-27 02:19:33
               total        used        free      shared  buff/cache   available
Mem:           250Gi        14Gi       136Gi       194Mi       100Gi       234Gi
Swap:          8.0Gi       7.7Gi       336Mi
2026-04-27 02:19:38
               total        used        free      shared  buff/cache   available
Mem:           250Gi        14Gi       136Gi       194Mi       100Gi       234Gi
Swap:          8.0Gi       7.7Gi       336Mi
2026-04-27 02:19:43
               total        used        free      shared  buff/cache   available
Mem:           250Gi        14Gi       136Gi       194Mi       100Gi       234Gi
Swap:          8.0Gi       7.7Gi       336Mi
2026-04-27 02:19:48
               total        used        free      shared  buff/cache   available
Mem:           250Gi        14Gi       136Gi       194Mi       100Gi       234Gi
Swap:          8.0Gi       7.7Gi       336Mi
2026-04-27 02:19:53
               total        used        free      shared  buff/cache   available
Mem:           250Gi        14Gi       136Gi       194Mi       100Gi       234Gi
Swap:          8.0Gi       7.7Gi       336Mi
2026-04-27 02:19:58
               total        used        free      shared  buff/cache   available
Mem:           250Gi        14Gi       136Gi       194Mi       100Gi       234Gi
Swap:          8.0Gi       7.7Gi       336Mi
2026-04-27 02:20:03
               total        used        free      shared  buff/cache   available
Mem:           250Gi        14Gi       136Gi       194Mi       100Gi       234Gi
Swap:          8.0Gi       7.7Gi       336Mi
2026-04-27 02:20:08
               total        used        free      shared  buff/cache   available
Mem:           250Gi        14Gi       136Gi       194Mi       100Gi       234Gi
Swap:          8.0Gi       7.7Gi       336Mi
2026-04-27 02:20:13
               total        used        free      shared  buff/cache   available
Mem:           250Gi        14Gi       136Gi       194Mi       100Gi       234Gi
Swap:          8.0Gi       7.7Gi       336Mi
2026-04-27 02:20:18
               total        used        free      shared  buff/cache   available
Mem:           250Gi        14Gi       136Gi       194Mi       100Gi       234Gi
Swap:          8.0Gi       7.7Gi       336Mi
2026-04-27 02:20:23
               total        used        free      shared  buff/cache   available
Mem:           250Gi        14Gi       136Gi       194Mi       100Gi       234Gi
Swap:          8.0Gi       7.7Gi       336Mi
2026-04-27 02:20:28
               total        used        free      shared  buff/cache   available
Mem:           250Gi        14Gi       136Gi       194Mi       100Gi       234Gi
Swap:          8.0Gi       7.7Gi       336Mi
2026-04-27 02:20:33
               total        used        free      shared  buff/cache   available
Mem:           250Gi        14Gi       136Gi       194Mi       100Gi       234Gi
Swap:          8.0Gi       7.7Gi       336Mi
2026-04-27 02:20:38
               total        used        free      shared  buff/cache   available
Mem:           250Gi        14Gi       136Gi       194Mi       100Gi       234Gi
Swap:          8.0Gi       7.7Gi       336Mi
2026-04-27 02:20:43
               total        used        free      shared  buff/cache   available
Mem:           250Gi        14Gi       136Gi       194Mi       100Gi       234Gi
Swap:          8.0Gi       7.7Gi       336Mi
2026-04-27 02:20:48
               total        used        free      shared  buff/cache   available
Mem:           250Gi        14Gi       136Gi       194Mi       100Gi       234Gi
Swap:          8.0Gi       7.7Gi       336Mi
2026-04-27 02:20:53
               total        used        free      shared  buff/cache   available
Mem:           250Gi        14Gi       136Gi       194Mi       100Gi       234Gi
Swap:          8.0Gi       7.7Gi       336Mi
2026-04-27 02:20:58
               total        used        free      shared  buff/cache   available
Mem:           250Gi        14Gi       136Gi       194Mi       100Gi       234Gi
Swap:          8.0Gi       7.7Gi       336Mi
2026-04-27 02:21:03
               total        used        free      shared  buff/cache   available
Mem:           250Gi        14Gi       136Gi       194Mi       100Gi       234Gi
Swap:          8.0Gi       7.7Gi       336Mi
2026-04-27 02:21:08
               total        used        free      shared  buff/cache   available
Mem:           250Gi        14Gi       136Gi       194Mi       100Gi       234Gi
Swap:          8.0Gi       7.7Gi       336Mi
2026-04-27 02:21:13
               total        used        free      shared  buff/cache   available
Mem:           250Gi        14Gi       136Gi       194Mi       100Gi       234Gi
Swap:          8.0Gi       7.7Gi       336Mi
2026-04-27 02:21:18
               total        used        free      shared  buff/cache   available
Mem:           250Gi        14Gi       136Gi       194Mi       100Gi       234Gi
Swap:          8.0Gi       7.7Gi       336Mi
2026-04-27 02:21:23
               total        used        free      shared  buff/cache   available
Mem:           250Gi        14Gi       136Gi       194Mi       100Gi       234Gi
Swap:          8.0Gi       7.7Gi       336Mi
2026-04-27 02:21:28
               total        used        free      shared  buff/cache   available
Mem:           250Gi        14Gi       136Gi       194Mi       100Gi       234Gi
Swap:          8.0Gi       7.7Gi       336Mi
2026-04-27 02:21:33
               total        used        free      shared  buff/cache   available
Mem:           250Gi        14Gi       136Gi       194Mi       100Gi       234Gi
Swap:          8.0Gi       7.7Gi       336Mi
2026-04-27 02:21:39
               total        used        free      shared  buff/cache   available
Mem:           250Gi        14Gi       136Gi       194Mi       100Gi       234Gi
Swap:          8.0Gi       7.7Gi       336Mi
2026-04-27 02:21:44
               total        used        free      shared  buff/cache   available
Mem:           250Gi        14Gi       136Gi       194Mi       100Gi       234Gi
Swap:          8.0Gi       7.7Gi       336Mi
2026-04-27 02:21:49
               total        used        free      shared  buff/cache   available
Mem:           250Gi        14Gi       136Gi       194Mi       100Gi       234Gi
Swap:          8.0Gi       7.7Gi       336Mi
2026-04-27 02:21:54
               total        used        free      shared  buff/cache   available
Mem:           250Gi        14Gi       136Gi       194Mi       100Gi       234Gi
Swap:          8.0Gi       7.7Gi       336Mi
2026-04-27 02:21:59
               total        used        free      shared  buff/cache   available
Mem:           250Gi        14Gi       136Gi       194Mi       100Gi       234Gi
Swap:          8.0Gi       7.7Gi       336Mi
2026-04-27 02:22:04
               total        used        free      shared  buff/cache   available
Mem:           250Gi        14Gi       136Gi       194Mi       100Gi       234Gi
Swap:          8.0Gi       7.7Gi       336Mi
2026-04-27 02:22:09
               total        used        free      shared  buff/cache   available
Mem:           250Gi        14Gi       136Gi       194Mi       100Gi       234Gi
Swap:          8.0Gi       7.7Gi       336Mi
2026-04-27 02:22:14
               total        used        free      shared  buff/cache   available
Mem:           250Gi        14Gi       136Gi       194Mi       100Gi       234Gi
Swap:          8.0Gi       7.7Gi       336Mi
2026-04-27 02:22:19
               total        used        free      shared  buff/cache   available
Mem:           250Gi        14Gi       136Gi       194Mi       100Gi       234Gi
Swap:          8.0Gi       7.7Gi       336Mi
2026-04-27 02:22:24
               total        used        free      shared  buff/cache   available
Mem:           250Gi        14Gi       136Gi       194Mi       100Gi       234Gi
Swap:          8.0Gi       7.7Gi       336Mi
2026-04-27 02:22:29
               total        used        free      shared  buff/cache   available
Mem:           250Gi        14Gi       136Gi       194Mi       100Gi       234Gi
Swap:          8.0Gi       7.7Gi       336Mi
2026-04-27 02:22:34
               total        used        free      shared  buff/cache   available
Mem:           250Gi        14Gi       136Gi       194Mi       100Gi       234Gi
Swap:          8.0Gi       7.7Gi       336Mi
2026-04-27 02:22:39
               total        used        free      shared  buff/cache   available
Mem:           250Gi        14Gi       136Gi       194Mi       100Gi       234Gi
Swap:          8.0Gi       7.7Gi       336Mi
2026-04-27 02:22:44
               total        used        free      shared  buff/cache   available
Mem:           250Gi        14Gi       136Gi       194Mi       100Gi       234Gi
Swap:          8.0Gi       7.7Gi       336Mi
2026-04-27 02:22:49
               total        used        free      shared  buff/cache   available
Mem:           250Gi        14Gi       136Gi       194Mi       100Gi       234Gi
Swap:          8.0Gi       7.7Gi       336Mi
2026-04-27 02:22:54
               total        used        free      shared  buff/cache   available
Mem:           250Gi        14Gi       136Gi       194Mi       100Gi       234Gi
Swap:          8.0Gi       7.7Gi       336Mi
2026-04-27 02:22:59
               total        used        free      shared  buff/cache   available
Mem:           250Gi        14Gi       136Gi       194Mi       100Gi       234Gi
Swap:          8.0Gi       7.7Gi       336Mi
2026-04-27 02:23:04
               total        used        free      shared  buff/cache   available
Mem:           250Gi        14Gi       136Gi       194Mi       100Gi       234Gi
Swap:          8.0Gi       7.7Gi       336Mi
2026-04-27 02:23:09
               total        used        free      shared  buff/cache   available
Mem:           250Gi        14Gi       136Gi       194Mi       100Gi       234Gi
Swap:          8.0Gi       7.7Gi       336Mi
2026-04-27 02:23:14
               total        used        free      shared  buff/cache   available
Mem:           250Gi        14Gi       136Gi       194Mi       100Gi       234Gi
Swap:          8.0Gi       7.7Gi       336Mi
2026-04-27 02:23:19
               total        used        free      shared  buff/cache   available
Mem:           250Gi        14Gi       136Gi       194Mi       100Gi       234Gi
Swap:          8.0Gi       7.7Gi       336Mi
2026-04-27 02:23:24
               total        used        free      shared  buff/cache   available
Mem:           250Gi        14Gi       136Gi       194Mi       100Gi       234Gi
Swap:          8.0Gi       7.7Gi       336Mi
2026-04-27 02:23:29
               total        used        free      shared  buff/cache   available
Mem:           250Gi        14Gi       136Gi       194Mi       100Gi       234Gi
Swap:          8.0Gi       7.7Gi       336Mi
2026-04-27 02:23:34
               total        used        free      shared  buff/cache   available
Mem:           250Gi        14Gi       136Gi       194Mi       100Gi       234Gi
Swap:          8.0Gi       7.7Gi       336Mi
2026-04-27 02:23:39
               total        used        free      shared  buff/cache   available
Mem:           250Gi        14Gi       136Gi       194Mi       100Gi       234Gi
Swap:          8.0Gi       7.7Gi       336Mi
2026-04-27 02:23:44
               total        used        free      shared  buff/cache   available
Mem:           250Gi        14Gi       136Gi       194Mi       100Gi       234Gi
Swap:          8.0Gi       7.7Gi       336Mi
2026-04-27 02:23:49
               total        used        free      shared  buff/cache   available
Mem:           250Gi        14Gi       136Gi       194Mi       100Gi       234Gi
Swap:          8.0Gi       7.7Gi       336Mi
2026-04-27 02:23:54
               total        used        free      shared  buff/cache   available
Mem:           250Gi        14Gi       136Gi       194Mi       100Gi       234Gi
Swap:          8.0Gi       7.7Gi       336Mi
2026-04-27 02:23:59
               total        used        free      shared  buff/cache   available
Mem:           250Gi        14Gi       136Gi       194Mi       100Gi       234Gi
Swap:          8.0Gi       7.7Gi       336Mi
2026-04-27 02:24:04
               total        used        free      shared  buff/cache   available
Mem:           250Gi        14Gi       136Gi       194Mi       100Gi       234Gi
Swap:          8.0Gi       7.7Gi       336Mi
2026-04-27 02:24:09
               total        used        free      shared  buff/cache   available
Mem:           250Gi        14Gi       136Gi       194Mi       100Gi       234Gi
Swap:          8.0Gi       7.7Gi       336Mi
2026-04-27 02:24:14
               total        used        free      shared  buff/cache   available
Mem:           250Gi        14Gi       136Gi       194Mi       100Gi       234Gi
Swap:          8.0Gi       7.7Gi       336Mi
2026-04-27 02:24:19
               total        used        free      shared  buff/cache   available
Mem:           250Gi        14Gi       136Gi       194Mi       100Gi       234Gi
Swap:          8.0Gi       7.7Gi       336Mi
2026-04-27 02:24:24
               total        used        free      shared  buff/cache   available
Mem:           250Gi        14Gi       136Gi       194Mi       100Gi       234Gi
Swap:          8.0Gi       7.7Gi       336Mi
2026-04-27 02:24:29
               total        used        free      shared  buff/cache   available
Mem:           250Gi        14Gi       136Gi       194Mi       100Gi       234Gi
Swap:          8.0Gi       7.7Gi       336Mi
